[2026-04-26 06:59:09 UTC] INFO Logger started
[2026-04-26 06:59:09 UTC] INFO Pipeline started
[2026-04-26 06:59:09 UTC] PACKET idx=0 proto=TCP src_port=12345 dst_port=80 payload_len=37 predicted=LEGIT actual=LEGIT reason="http: valid HTTP"
[2026-04-26 06:59:09 UTC] PACKET idx=1 proto=TCP src_port=12345 dst_port=80 payload_len=61 predicted=LEGIT actual=LEGIT reason="http: valid HTTP"
[2026-04-26 06:59:09 UTC] PACKET idx=2 proto=TCP src_port=12345 dst_port=80 payload_len=64 predicted=LEGIT actual=LEGIT reason="http: valid HTTP"
[2026-04-26 06:59:09 UTC] PACKET idx=3 proto=TCP src_port=12345 dst_port=80 payload_len=38 predicted=LEGIT actual=LEGIT reason="http: valid HTTP"
[2026-04-26 06:59:09 UTC] PACKET idx=4 proto=UDP src_port=54321 dst_port=53 payload_len=34 predicted=MALICIOUS actual=MALICIOUS reason="http_fail=[not TCP (proto=17)] dns_fail=[question name not null-terminated]"
[2026-04-26 06:59:09 UTC] PACKET idx=5 proto=TCP src_port=12345 dst_port=80 payload_len=29 predicted=MALICIOUS actual=MALICIOUS reason="http_fail=[invalid HTTP method] dns_fail=[dst_port=80 not 53]"
[2026-04-26 06:59:09 UTC] PACKET idx=6 proto=TCP src_port=12345 dst_port=80 payload_len=41 predicted=MALICIOUS actual=MALICIOUS reason="http_fail=[invalid HTTP method] dns_fail=[dst_port=80 not 53]"
[2026-04-26 06:59:09 UTC] PACKET idx=7 proto=TCP src_port=12345 dst_port=80 payload_len=31 predicted=MALICIOUS actual=MALICIOUS reason="http_fail=[missing Host header] dns_fail=[dst_port=80 not 53]"
[2026-04-26 06:59:09 UTC] PACKET idx=8 proto=TCP src_port=12345 dst_port=80 payload_len=0 predicted=MALICIOUS actual=MALICIOUS reason="http_fail=[empty payload] dns_fail=[dst_port=80 not 53]"
[2026-04-26 06:59:09 UTC] PACKET idx=9 proto=UDP src_port=54321 dst_port=53 payload_len=4 predicted=MALICIOUS actual=MALICIOUS reason="http_fail=[not TCP (proto=17)] dns_fail=[payload too short (4 < 12)]"
[2026-04-26 06:59:09 UTC] PACKET idx=10 proto=TCP src_port=12345 dst_port=443 payload_len=37 predicted=LEGIT actual=LEGIT reason="http: valid HTTP"
[2026-04-26 06:59:09 UTC] PACKET idx=11 proto=TCP src_port=12345 dst_port=443 payload_len=61 predicted=LEGIT actual=LEGIT reason="http: valid HTTP"
[2026-04-26 06:59:09 UTC] PACKET idx=12 proto=UDP src_port=54321 dst_port=53 payload_len=29 predicted=LEGIT actual=LEGIT reason="dns: valid DNS"
[2026-04-26 06:59:09 UTC] PACKET idx=13 proto=UDP src_port=54321 dst_port=53 payload_len=28 predicted=LEGIT actual=LEGIT reason="dns: valid DNS"
[2026-04-26 06:59:09 UTC] PACKET idx=14 proto=UDP src_port=54321 dst_port=53 payload_len=59 predicted=MALICIOUS actual=MALICIOUS reason="http_fail=[not TCP (proto=17)] dns_fail=[compression pointer in question name at offset 12]"
[2026-04-26 06:59:09 UTC] PACKET idx=15 proto=TCP src_port=12345 dst_port=80 payload_len=29 predicted=MALICIOUS actual=MALICIOUS reason="http_fail=[missing HTTP version] dns_fail=[dst_port=80 not 53]"
[2026-04-26 06:59:09 UTC] PACKET idx=16 proto=TCP src_port=12345 dst_port=80 payload_len=28 predicted=MALICIOUS actual=MALICIOUS reason="http_fail=[invalid HTTP method] dns_fail=[dst_port=80 not 53]"
[2026-04-26 06:59:09 UTC] PACKET idx=17 proto=UDP src_port=54321 dst_port=53 payload_len=4 predicted=MALICIOUS actual=MALICIOUS reason="http_fail=[not TCP (proto=17)] dns_fail=[payload too short (4 < 12)]"
[2026-04-26 06:59:09 UTC] PACKET idx=18 proto=UDP src_port=54321 dst_port=53 payload_len=34 predicted=MALICIOUS actual=MALICIOUS reason="http_fail=[not TCP (proto=17)] dns_fail=[question name not null-terminated]"
[2026-04-26 06:59:09 UTC] PACKET idx=19 proto=TCP src_port=12345 dst_port=80 payload_len=29 predicted=MALICIOUS actual=MALICIOUS reason="http_fail=[invalid HTTP method] dns_fail=[dst_port=80 not 53]"
[2026-04-26 06:59:09 UTC] PACKET idx=20 proto=UDP src_port=54321 dst_port=53 payload_len=28 predicted=LEGIT actual=LEGIT reason="dns: valid DNS"
[2026-04-26 06:59:09 UTC] PACKET idx=21 proto=UDP src_port=54321 dst_port=53 payload_len=29 predicted=LEGIT actual=LEGIT reason="dns: valid DNS"
[2026-04-26 06:59:09 UTC] PACKET idx=22 proto=TCP src_port=12345 dst_port=80 payload_len=37 predicted=LEGIT actual=LEGIT reason="http: valid HTTP"
[2026-04-26 06:59:09 UTC] PACKET idx=23 proto=TCP src_port=12345 dst_port=80 payload_len=61 predicted=LEGIT actual=LEGIT reason="http: valid HTTP"
[2026-04-26 06:59:09 UTC] PACKET idx=24 proto=TCP src_port=12345 dst_port=80 payload_len=41 predicted=MALICIOUS actual=MALICIOUS reason="http_fail=[invalid HTTP method] dns_fail=[dst_port=80 not 53]"
[2026-04-26 06:59:09 UTC] PACKET idx=25 proto=TCP src_port=12345 dst_port=80 payload_len=31 predicted=MALICIOUS actual=MALICIOUS reason="http_fail=[missing Host header] dns_fail=[dst_port=80 not 53]"
[2026-04-26 06:59:09 UTC] PACKET idx=26 proto=TCP src_port=12345 dst_port=80 payload_len=0 predicted=MALICIOUS actual=MALICIOUS reason="http_fail=[empty payload] dns_fail=[dst_port=80 not 53]"
[2026-04-26 06:59:09 UTC] PACKET idx=27 proto=UDP src_port=54321 dst_port=53 payload_len=4 predicted=MALICIOUS actual=MALICIOUS reason="http_fail=[not TCP (proto=17)] dns_fail=[payload too short (4 < 12)]"
[2026-04-26 06:59:09 UTC] PACKET idx=28 proto=UDP src_port=54321 dst_port=53 payload_len=59 predicted=MALICIOUS actual=MALICIOUS reason="http_fail=[not TCP (proto=17)] dns_fail=[compression pointer in question name at offset 12]"
[2026-04-26 06:59:09 UTC] PACKET idx=29 proto=TCP src_port=12345 dst_port=80 payload_len=29 predicted=MALICIOUS actual=MALICIOUS reason="http_fail=[missing HTTP version] dns_fail=[dst_port=80 not 53]"
[2026-04-26 06:59:09 UTC] PACKET idx=30 proto=TCP src_port=12345 dst_port=80 payload_len=64 predicted=LEGIT actual=LEGIT reason="http: valid HTTP"
[2026-04-26 06:59:09 UTC] PACKET idx=31 proto=TCP src_port=12345 dst_port=80 payload_len=38 predicted=LEGIT actual=LEGIT reason="http: valid HTTP"
[2026-04-26 06:59:09 UTC] PACKET idx=32 proto=TCP src_port=12345 dst_port=443 payload_len=37 predicted=LEGIT actual=LEGIT reason="http: valid HTTP"
[2026-04-26 06:59:09 UTC] PACKET idx=33 proto=TCP src_port=12345 dst_port=443 payload_len=61 predicted=LEGIT actual=LEGIT reason="http: valid HTTP"
[2026-04-26 06:59:09 UTC] PACKET idx=34 proto=TCP src_port=12345 dst_port=80 payload_len=28 predicted=MALICIOUS actual=MALICIOUS reason="http_fail=[invalid HTTP method] dns_fail=[dst_port=80 not 53]"
[2026-04-26 06:59:09 UTC] PACKET idx=35 proto=UDP src_port=54321 dst_port=53 payload_len=4 predicted=MALICIOUS actual=MALICIOUS reason="http_fail=[not TCP (proto=17)] dns_fail=[payload too short (4 < 12)]"
[2026-04-26 06:59:09 UTC] PACKET idx=36 proto=UDP src_port=54321 dst_port=53 payload_len=34 predicted=MALICIOUS actual=MALICIOUS reason="http_fail=[not TCP (proto=17)] dns_fail=[question name not null-terminated]"
[2026-04-26 06:59:09 UTC] PACKET idx=37 proto=TCP src_port=12345 dst_port=80 payload_len=29 predicted=MALICIOUS actual=MALICIOUS reason="http_fail=[invalid HTTP method] dns_fail=[dst_port=80 not 53]"
[2026-04-26 06:59:09 UTC] PACKET idx=38 proto=TCP src_port=12345 dst_port=80 payload_len=41 predicted=MALICIOUS actual=MALICIOUS reason="http_fail=[invalid HTTP method] dns_fail=[dst_port=80 not 53]"
[2026-04-26 06:59:09 UTC] PACKET idx=39 proto=TCP src_port=12345 dst_port=80 payload_len=31 predicted=MALICIOUS actual=MALICIOUS reason="http_fail=[missing Host header] dns_fail=[dst_port=80 not 53]"
[2026-04-26 06:59:09 UTC] PACKET idx=40 proto=UDP src_port=54321 dst_port=53 payload_len=29 predicted=LEGIT actual=LEGIT reason="dns: valid DNS"
[2026-04-26 06:59:09 UTC] PACKET idx=41 proto=UDP src_port=54321 dst_port=53 payload_len=28 predicted=LEGIT actual=LEGIT reason="dns: valid DNS"
[2026-04-26 06:59:09 UTC] PACKET idx=42 proto=UDP src_port=54321 dst_port=53 payload_len=28 predicted=LEGIT actual=LEGIT reason="dns: valid DNS"
[2026-04-26 06:59:09 UTC] PACKET idx=43 proto=UDP src_port=54321 dst_port=53 payload_len=29 predicted=LEGIT actual=LEGIT reason="dns: valid DNS"
[2026-04-26 06:59:09 UTC] PACKET idx=44 proto=TCP src_port=12345 dst_port=80 payload_len=0 predicted=MALICIOUS actual=MALICIOUS reason="http_fail=[empty payload] dns_fail=[dst_port=80 not 53]"
[2026-04-26 06:59:09 UTC] PACKET idx=45 proto=UDP src_port=54321 dst_port=53 payload_len=4 predicted=MALICIOUS actual=MALICIOUS reason="http_fail=[not TCP (proto=17)] dns_fail=[payload too short (4 < 12)]"
[2026-04-26 06:59:09 UTC] PACKET idx=46 proto=UDP src_port=54321 dst_port=53 payload_len=59 predicted=MALICIOUS actual=MALICIOUS reason="http_fail=[not TCP (proto=17)] dns_fail=[compression pointer in question name at offset 12]"
[2026-04-26 06:59:09 UTC] PACKET idx=47 proto=TCP src_port=12345 dst_port=80 payload_len=29 predicted=MALICIOUS actual=MALICIOUS reason="http_fail=[missing HTTP version] dns_fail=[dst_port=80 not 53]"
[2026-04-26 06:59:09 UTC] PACKET idx=48 proto=TCP src_port=12345 dst_port=80 payload_len=28 predicted=MALICIOUS actual=MALICIOUS reason="http_fail=[invalid HTTP method] dns_fail=[dst_port=80 not 53]"
[2026-04-26 06:59:09 UTC] PACKET idx=49 proto=UDP src_port=54321 dst_port=53 payload_len=4 predicted=MALICIOUS actual=MALICIOUS reason="http_fail=[not TCP (proto=17)] dns_fail=[payload too short (4 < 12)]"
[2026-04-26 06:59:09 UTC] PACKET idx=50 proto=TCP src_port=12345 dst_port=80 payload_len=37 predicted=LEGIT actual=LEGIT reason="http: valid HTTP"
[2026-04-26 06:59:09 UTC] PACKET idx=51 proto=TCP src_port=12345 dst_port=80 payload_len=61 predicted=LEGIT actual=LEGIT reason="http: valid HTTP"
[2026-04-26 06:59:09 UTC] PACKET idx=52 proto=TCP src_port=12345 dst_port=80 payload_len=64 predicted=LEGIT actual=LEGIT reason="http: valid HTTP"
[2026-04-26 06:59:09 UTC] PACKET idx=53 proto=TCP src_port=12345 dst_port=80 payload_len=38 predicted=LEGIT actual=LEGIT reason="http: valid HTTP"
[2026-04-26 06:59:09 UTC] PACKET idx=54 proto=UDP src_port=54321 dst_port=53 payload_len=34 predicted=MALICIOUS actual=MALICIOUS reason="http_fail=[not TCP (proto=17)] dns_fail=[question name not null-terminated]"
[2026-04-26 06:59:09 UTC] PACKET idx=55 proto=TCP src_port=12345 dst_port=80 payload_len=29 predicted=MALICIOUS actual=MALICIOUS reason="http_fail=[invalid HTTP method] dns_fail=[dst_port=80 not 53]"
[2026-04-26 06:59:09 UTC] PACKET idx=56 proto=TCP src_port=12345 dst_port=80 payload_len=41 predicted=MALICIOUS actual=MALICIOUS reason="http_fail=[invalid HTTP method] dns_fail=[dst_port=80 not 53]"
[2026-04-26 06:59:09 UTC] PACKET idx=57 proto=TCP src_port=12345 dst_port=80 payload_len=31 predicted=MALICIOUS actual=MALICIOUS reason="http_fail=[missing Host header] dns_fail=[dst_port=80 not 53]"
[2026-04-26 06:59:09 UTC] PACKET idx=58 proto=TCP src_port=12345 dst_port=80 payload_len=0 predicted=MALICIOUS actual=MALICIOUS reason="http_fail=[empty payload] dns_fail=[dst_port=80 not 53]"
[2026-04-26 06:59:09 UTC] PACKET idx=59 proto=UDP src_port=54321 dst_port=53 payload_len=4 predicted=MALICIOUS actual=MALICIOUS reason="http_fail=[not TCP (proto=17)] dns_fail=[payload too short (4 < 12)]"
[2026-04-26 06:59:09 UTC] PACKET idx=60 proto=TCP src_port=12345 dst_port=443 payload_len=37 predicted=LEGIT actual=LEGIT reason="http: valid HTTP"
[2026-04-26 06:59:09 UTC] PACKET idx=61 proto=TCP src_port=12345 dst_port=443 payload_len=61 predicted=LEGIT actual=LEGIT reason="http: valid HTTP"
[2026-04-26 06:59:09 UTC] PACKET idx=62 proto=UDP src_port=54321 dst_port=53 payload_len=29 predicted=LEGIT actual=LEGIT reason="dns: valid DNS"
[2026-04-26 06:59:09 UTC] PACKET idx=63 proto=UDP src_port=54321 dst_port=53 payload_len=28 predicted=LEGIT actual=LEGIT reason="dns: valid DNS"
[2026-04-26 06:59:09 UTC] PACKET idx=64 proto=UDP src_port=54321 dst_port=53 payload_len=59 predicted=MALICIOUS actual=MALICIOUS reason="http_fail=[not TCP (proto=17)] dns_fail=[compression pointer in question name at offset 12]"
[2026-04-26 06:59:09 UTC] PACKET idx=65 proto=TCP src_port=12345 dst_port=80 payload_len=29 predicted=MALICIOUS actual=MALICIOUS reason="http_fail=[missing HTTP version] dns_fail=[dst_port=80 not 53]"
[2026-04-26 06:59:09 UTC] PACKET idx=66 proto=TCP src_port=12345 dst_port=80 payload_len=28 predicted=MALICIOUS actual=MALICIOUS reason="http_fail=[invalid HTTP method] dns_fail=[dst_port=80 not 53]"
[2026-04-26 06:59:09 UTC] PACKET idx=67 proto=UDP src_port=54321 dst_port=53 payload_len=4 predicted=MALICIOUS actual=MALICIOUS reason="http_fail=[not TCP (proto=17)] dns_fail=[payload too short (4 < 12)]"
[2026-04-26 06:59:09 UTC] PACKET idx=68 proto=UDP src_port=54321 dst_port=53 payload_len=34 predicted=MALICIOUS actual=MALICIOUS reason="http_fail=[not TCP (proto=17)] dns_fail=[question name not null-terminated]"
[2026-04-26 06:59:09 UTC] PACKET idx=69 proto=TCP src_port=12345 dst_port=80 payload_len=29 predicted=MALICIOUS actual=MALICIOUS reason="http_fail=[invalid HTTP method] dns_fail=[dst_port=80 not 53]"
[2026-04-26 06:59:09 UTC] PACKET idx=70 proto=UDP src_port=54321 dst_port=53 payload_len=28 predicted=LEGIT actual=LEGIT reason="dns: valid DNS"
[2026-04-26 06:59:09 UTC] PACKET idx=71 proto=UDP src_port=54321 dst_port=53 payload_len=29 predicted=LEGIT actual=LEGIT reason="dns: valid DNS"
[2026-04-26 06:59:09 UTC] PACKET idx=72 proto=TCP src_port=12345 dst_port=80 payload_len=37 predicted=LEGIT actual=LEGIT reason="http: valid HTTP"
[2026-04-26 06:59:09 UTC] PACKET idx=73 proto=TCP src_port=12345 dst_port=80 payload_len=61 predicted=LEGIT actual=LEGIT reason="http: valid HTTP"
[2026-04-26 06:59:09 UTC] PACKET idx=74 proto=TCP src_port=12345 dst_port=80 payload_len=41 predicted=MALICIOUS actual=MALICIOUS reason="http_fail=[invalid HTTP method] dns_fail=[dst_port=80 not 53]"
[2026-04-26 06:59:09 UTC] PACKET idx=75 proto=TCP src_port=12345 dst_port=80 payload_len=31 predicted=MALICIOUS actual=MALICIOUS reason="http_fail=[missing Host header] dns_fail=[dst_port=80 not 53]"
[2026-04-26 06:59:09 UTC] PACKET idx=76 proto=TCP src_port=12345 dst_port=80 payload_len=0 predicted=MALICIOUS actual=MALICIOUS reason="http_fail=[empty payload] dns_fail=[dst_port=80 not 53]"
[2026-04-26 06:59:09 UTC] PACKET idx=77 proto=UDP src_port=54321 dst_port=53 payload_len=4 predicted=MALICIOUS actual=MALICIOUS reason="http_fail=[not TCP (proto=17)] dns_fail=[payload too short (4 < 12)]"
[2026-04-26 06:59:09 UTC] PACKET idx=78 proto=UDP src_port=54321 dst_port=53 payload_len=59 predicted=MALICIOUS actual=MALICIOUS reason="http_fail=[not TCP (proto=17)] dns_fail=[compression pointer in question name at offset 12]"
[2026-04-26 06:59:09 UTC] PACKET idx=79 proto=TCP src_port=12345 dst_port=80 payload_len=29 predicted=MALICIOUS actual=MALICIOUS reason="http_fail=[missing HTTP version] dns_fail=[dst_port=80 not 53]"
[2026-04-26 06:59:09 UTC] PACKET idx=80 proto=TCP src_port=12345 dst_port=80 payload_len=64 predicted=LEGIT actual=LEGIT reason="http: valid HTTP"
[2026-04-26 06:59:09 UTC] PACKET idx=81 proto=TCP src_port=12345 dst_port=80 payload_len=38 predicted=LEGIT actual=LEGIT reason="http: valid HTTP"
[2026-04-26 06:59:09 UTC] PACKET idx=82 proto=TCP src_port=12345 dst_port=443 payload_len=37 predicted=LEGIT actual=LEGIT reason="http: valid HTTP"
[2026-04-26 06:59:09 UTC] PACKET idx=83 proto=TCP src_port=12345 dst_port=443 payload_len=61 predicted=LEGIT actual=LEGIT reason="http: valid HTTP"
[2026-04-26 06:59:09 UTC] PACKET idx=84 proto=TCP src_port=12345 dst_port=80 payload_len=28 predicted=MALICIOUS actual=MALICIOUS reason="http_fail=[invalid HTTP method] dns_fail=[dst_port=80 not 53]"
[2026-04-26 06:59:09 UTC] PACKET idx=85 proto=UDP src_port=54321 dst_port=53 payload_len=4 predicted=MALICIOUS actual=MALICIOUS reason="http_fail=[not TCP (proto=17)] dns_fail=[payload too short (4 < 12)]"
[2026-04-26 06:59:09 UTC] PACKET idx=86 proto=UDP src_port=54321 dst_port=53 payload_len=34 predicted=MALICIOUS actual=MALICIOUS reason="http_fail=[not TCP (proto=17)] dns_fail=[question name not null-terminated]"
[2026-04-26 06:59:09 UTC] PACKET idx=87 proto=TCP src_port=12345 dst_port=80 payload_len=29 predicted=MALICIOUS actual=MALICIOUS reason="http_fail=[invalid HTTP method] dns_fail=[dst_port=80 not 53]"
[2026-04-26 06:59:09 UTC] PACKET idx=88 proto=TCP src_port=12345 dst_port=80 payload_len=41 predicted=MALICIOUS actual=MALICIOUS reason="http_fail=[invalid HTTP method] dns_fail=[dst_port=80 not 53]"
[2026-04-26 06:59:09 UTC] PACKET idx=89 proto=TCP src_port=12345 dst_port=80 payload_len=31 predicted=MALICIOUS actual=MALICIOUS reason="http_fail=[missing Host header] dns_fail=[dst_port=80 not 53]"
[2026-04-26 06:59:09 UTC] PACKET idx=90 proto=UDP src_port=54321 dst_port=53 payload_len=29 predicted=LEGIT actual=LEGIT reason="dns: valid DNS"
[2026-04-26 06:59:09 UTC] PACKET idx=91 proto=UDP src_port=54321 dst_port=53 payload_len=28 predicted=LEGIT actual=LEGIT reason="dns: valid DNS"
[2026-04-26 06:59:09 UTC] PACKET idx=92 proto=UDP src_port=54321 dst_port=53 payload_len=28 predicted=LEGIT actual=LEGIT reason="dns: valid DNS"
[2026-04-26 06:59:09 UTC] PACKET idx=93 proto=UDP src_port=54321 dst_port=53 payload_len=29 predicted=LEGIT actual=LEGIT reason="dns: valid DNS"
[2026-04-26 06:59:09 UTC] PACKET idx=94 proto=TCP src_port=12345 dst_port=80 payload_len=0 predicted=MALICIOUS actual=MALICIOUS reason="http_fail=[empty payload] dns_fail=[dst_port=80 not 53]"
[2026-04-26 06:59:09 UTC] PACKET idx=95 proto=UDP src_port=54321 dst_port=53 payload_len=4 predicted=MALICIOUS actual=MALICIOUS reason="http_fail=[not TCP (proto=17)] dns_fail=[payload too short (4 < 12)]"
[2026-04-26 06:59:09 UTC] PACKET idx=96 proto=UDP src_port=54321 dst_port=53 payload_len=59 predicted=MALICIOUS actual=MALICIOUS reason="http_fail=[not TCP (proto=17)] dns_fail=[compression pointer in question name at offset 12]"
[2026-04-26 06:59:09 UTC] PACKET idx=97 proto=TCP src_port=12345 dst_port=80 payload_len=29 predicted=MALICIOUS actual=MALICIOUS reason="http_fail=[missing HTTP version] dns_fail=[dst_port=80 not 53]"
[2026-04-26 06:59:09 UTC] PACKET idx=98 proto=TCP src_port=12345 dst_port=80 payload_len=28 predicted=MALICIOUS actual=MALICIOUS reason="http_fail=[invalid HTTP method] dns_fail=[dst_port=80 not 53]"
[2026-04-26 06:59:09 UTC] PACKET idx=99 proto=UDP src_port=54321 dst_port=53 payload_len=4 predicted=MALICIOUS actual=MALICIOUS reason="http_fail=[not TCP (proto=17)] dns_fail=[payload too short (4 < 12)]"
[2026-04-26 06:59:09 UTC] INFO Pipeline complete
[2026-04-26 06:59:09 UTC] INFO Logger closed
